  [1m[35m (472.8ms)[0m  [1m[35mCREATE DATABASE "MusicApp_development" ENCODING = 'unicode'[0m
  ↳ bin/rails:9
  [1m[35m (313.0ms)[0m  [1m[35mCREATE DATABASE "MusicApp_test" ENCODING = 'unicode'[0m
  ↳ bin/rails:9
  [1m[35m (54.7ms)[0m  [1m[35mCREATE TABLE "schema_migrations" ("version" character varying NOT NULL PRIMARY KEY)[0m
  ↳ bin/rails:9
  [1m[35m (4.6ms)[0m  [1m[35mCREATE TABLE "ar_internal_metadata" ("key" character varying NOT NULL PRIMARY KEY, "value" character varying, "created_at" timestamp NOT NULL, "updated_at" timestamp NOT NULL)[0m
  ↳ bin/rails:9
  [1m[35m (1.5ms)[0m  [1m[34mSELECT pg_try_advisory_lock(1555902080779534005)[0m
  ↳ bin/rails:9
  [1m[35m (8.0ms)[0m  [1m[34mSELECT "schema_migrations"."version" FROM "schema_migrations" ORDER BY "schema_migrations"."version" ASC[0m
  ↳ bin/rails:9
Migrating to CreateUsers (20190131180030)
  [1m[35m (0.6ms)[0m  [1m[35mBEGIN[0m
  ↳ bin/rails:9
  [1m[35m (24.6ms)[0m  [1m[35mCREATE TABLE "users" ("id" bigserial primary key, "email" character varying NOT NULL, "password_digest" character varying NOT NULL, "session_token" character varying NOT NULL, "created_at" timestamp NOT NULL, "updated_at" timestamp NOT NULL)[0m
  ↳ db/migrate/20190131180030_create_users.rb:3
  [1m[35m (7.5ms)[0m  [1m[35mCREATE UNIQUE INDEX  "index_users_on_email" ON "users"  ("email")[0m
  ↳ db/migrate/20190131180030_create_users.rb:11
  [1m[35m (2.9ms)[0m  [1m[35mCREATE  INDEX  "index_users_on_session_token" ON "users"  ("session_token")[0m
  ↳ db/migrate/20190131180030_create_users.rb:12
  [1m[36mActiveRecord::SchemaMigration Create (6.2ms)[0m  [1m[32mINSERT INTO "schema_migrations" ("version") VALUES ($1) RETURNING "version"[0m  [["version", "20190131180030"]]
  ↳ bin/rails:9
  [1m[35m (2.4ms)[0m  [1m[35mCOMMIT[0m
  ↳ bin/rails:9
  [1m[36mActiveRecord::InternalMetadata Load (1.4ms)[0m  [1m[34mSELECT  "ar_internal_metadata".* FROM "ar_internal_metadata" WHERE "ar_internal_metadata"."key" = $1 LIMIT $2[0m  [["key", "environment"], ["LIMIT", 1]]
  ↳ bin/rails:9
  [1m[35m (0.2ms)[0m  [1m[35mBEGIN[0m
  ↳ bin/rails:9
  [1m[36mActiveRecord::InternalMetadata Create (2.1ms)[0m  [1m[32mINSERT INTO "ar_internal_metadata" ("key", "value", "created_at", "updated_at") VALUES ($1, $2, $3, $4) RETURNING "key"[0m  [["key", "environment"], ["value", "development"], ["created_at", "2019-01-31 18:02:43.964426"], ["updated_at", "2019-01-31 18:02:43.964426"]]
  ↳ bin/rails:9
  [1m[35m (0.7ms)[0m  [1m[35mCOMMIT[0m
  ↳ bin/rails:9
  [1m[35m (0.5ms)[0m  [1m[34mSELECT pg_advisory_unlock(1555902080779534005)[0m
  ↳ bin/rails:9
  [1m[35m (1.1ms)[0m  [1m[34mSELECT "schema_migrations"."version" FROM "schema_migrations" ORDER BY "schema_migrations"."version" ASC[0m
  ↳ bin/rails:9
  [1m[35m (1.0ms)[0m  [1m[34mSELECT "schema_migrations"."version" FROM "schema_migrations" ORDER BY "schema_migrations"."version" ASC[0m
  ↳ /Users/kathrynchu/.rvm/gems/ruby-2.5.1/bin/annotate:23
  [1m[36mUser Load (2.6ms)[0m  [1m[34mSELECT "users".* FROM "users"[0m
  [1m[35m (0.4ms)[0m  [1m[35mBEGIN[0m
  [1m[36mUser Exists (2.4ms)[0m  [1m[34mSELECT  1 AS one FROM "users" WHERE "users"."email" = $1 LIMIT $2[0m  [["email", "kchu@cal.com"], ["LIMIT", 1]]
  [1m[36mUser Create (2.8ms)[0m  [1m[32mINSERT INTO "users" ("email", "password_digest", "session_token", "created_at", "updated_at") VALUES ($1, $2, $3, $4, $5) RETURNING "id"[0m  [["email", "kchu@cal.com"], ["password_digest", "$2a$10$q9nPOZ7pLTm/Yk6ArfDOQ.oavpOuhlyk94K/J05UHh3BgfLLcJm86"], ["session_token", "PAN3pzsy-nOX3Nt0zd1HdQ"], ["created_at", "2019-01-31 18:27:20.576464"], ["updated_at", "2019-01-31 18:27:20.576464"]]
  [1m[35m (0.6ms)[0m  [1m[35mCOMMIT[0m
  [1m[36mUser Load (2.1ms)[0m  [1m[34mSELECT "users".* FROM "users"[0m
  [1m[35m (0.2ms)[0m  [1m[35mBEGIN[0m
  [1m[36mUser Exists (1.4ms)[0m  [1m[34mSELECT  1 AS one FROM "users" WHERE "users"."email" = $1 LIMIT $2[0m  [["email", "ksgf@cal.com"], ["LIMIT", 1]]
  [1m[35m (0.9ms)[0m  [1m[31mROLLBACK[0m
  [1m[36mUser Load (0.4ms)[0m  [1m[34mSELECT "users".* FROM "users"[0m
  [1m[35m (0.3ms)[0m  [1m[35mBEGIN[0m
  [1m[36mUser Exists (0.6ms)[0m  [1m[34mSELECT  1 AS one FROM "users" WHERE "users"."email" = $1 LIMIT $2[0m  [["email", "ksgf@cal.com"], ["LIMIT", 1]]
  [1m[35m (0.3ms)[0m  [1m[31mROLLBACK[0m
  [1m[35m (0.3ms)[0m  [1m[35mBEGIN[0m
  [1m[36mUser Exists (0.5ms)[0m  [1m[34mSELECT  1 AS one FROM "users" WHERE "users"."email" = $1 LIMIT $2[0m  [["email", "akim@cal.com"], ["LIMIT", 1]]
  [1m[36mUser Create (0.4ms)[0m  [1m[32mINSERT INTO "users" ("email", "password_digest", "session_token", "created_at", "updated_at") VALUES ($1, $2, $3, $4, $5) RETURNING "id"[0m  [["email", "akim@cal.com"], ["password_digest", "$2a$10$HXdkcSyk5dN/9uJoO3GoF.W2XiltK7e.W0zYflKYUZWW8dhQgmYnm"], ["session_token", "v-Lk3YBHscSwqaj5Nz1A-w"], ["created_at", "2019-01-31 18:29:28.662586"], ["updated_at", "2019-01-31 18:29:28.662586"]]
  [1m[35m (0.9ms)[0m  [1m[35mCOMMIT[0m
  [1m[36mUser Load (0.8ms)[0m  [1m[34mSELECT "users".* FROM "users"[0m
  [1m[36mUser Load (0.3ms)[0m  [1m[34mSELECT  "users".* FROM "users" WHERE "users"."email" = $1 LIMIT $2[0m  [["email", "kchu@cal.com"], ["LIMIT", 1]]
  [1m[35m (0.1ms)[0m  [1m[35mBEGIN[0m
  [1m[36mUser Exists (1.1ms)[0m  [1m[34mSELECT  1 AS one FROM "users" WHERE "users"."email" = $1 AND "users"."id" != $2 LIMIT $3[0m  [["email", "kchu@cal.com"], ["id", 1], ["LIMIT", 1]]
  [1m[35m (0.2ms)[0m  [1m[35mCOMMIT[0m
  [1m[36mUser Load (0.7ms)[0m  [1m[34mSELECT "users".* FROM "users"[0m
  [1m[36mUser Load (0.3ms)[0m  [1m[34mSELECT "users".* FROM "users"[0m
  [1m[36mUser Load (0.7ms)[0m  [1m[34mSELECT  "users".* FROM "users" WHERE "users"."email" = $1 LIMIT $2[0m  [["email", "kchu@cal.com"], ["LIMIT", 1]]
  [1m[36mUser Load (0.3ms)[0m  [1m[34mSELECT  "users".* FROM "users" WHERE "users"."email" = $1 LIMIT $2[0m  [["email", "kchu@cal.com"], ["LIMIT", 1]]
  [1m[36mUser Load (0.6ms)[0m  [1m[34mSELECT  "users".* FROM "users" WHERE "users"."email" = $1 LIMIT $2[0m  [["email", "kchu@cal.com"], ["LIMIT", 1]]
  [1m[36mUser Load (0.7ms)[0m  [1m[34mSELECT  "users".* FROM "users" WHERE "users"."email" = $1 LIMIT $2[0m  [["email", "kchu@cal.com"], ["LIMIT", 1]]
  [1m[36mUser Load (0.7ms)[0m  [1m[34mSELECT  "users".* FROM "users" WHERE "users"."email" = $1 LIMIT $2[0m  [["email", "kchu@cal.com"], ["LIMIT", 1]]
  [1m[35m (0.2ms)[0m  [1m[35mBEGIN[0m
  [1m[36mUser Exists (0.4ms)[0m  [1m[34mSELECT  1 AS one FROM "users" WHERE "users"."email" = $1 AND "users"."id" != $2 LIMIT $3[0m  [["email", "kchu@cal.com"], ["id", 1], ["LIMIT", 1]]
  [1m[36mUser Update (3.7ms)[0m  [1m[33mUPDATE "users" SET "session_token" = $1, "updated_at" = $2 WHERE "users"."id" = $3[0m  [["session_token", "ejQQanYStH09OqjmovuxVg"], ["updated_at", "2019-01-31 18:33:40.463308"], ["id", 1]]
  [1m[35m (0.5ms)[0m  [1m[35mCOMMIT[0m
  [1m[36mUser Load (0.4ms)[0m  [1m[34mSELECT  "users".* FROM "users" ORDER BY "users"."id" ASC LIMIT $1[0m  [["LIMIT", 1]]
Started GET "/" for 127.0.0.1 at 2019-01-31 10:46:13 -0800
  [1m[35m (2.4ms)[0m  [1m[34mSELECT "schema_migrations"."version" FROM "schema_migrations" ORDER BY "schema_migrations"."version" ASC[0m
  ↳ /Users/kathrynchu/.rvm/gems/ruby-2.5.1/gems/activerecord-5.2.2/lib/active_record/log_subscriber.rb:98
Processing by Rails::WelcomeController#index as HTML
  Rendering /Users/kathrynchu/.rvm/gems/ruby-2.5.1/gems/railties-5.2.2/lib/rails/templates/rails/welcome/index.html.erb
  Rendered /Users/kathrynchu/.rvm/gems/ruby-2.5.1/gems/railties-5.2.2/lib/rails/templates/rails/welcome/index.html.erb (4.7ms)
Completed 200 OK in 31ms (Views: 16.7ms | ActiveRecord: 0.0ms)


Started GET "/users/new" for 127.0.0.1 at 2019-01-31 10:46:49 -0800

SyntaxError - syntax error, unexpected ':', expecting ')'
....require(:user).permit(:email :password_digest, :session_tok...
...                              ^
/Users/kathrynchu/Documents/App_Academy/Projects/W4D4/MusicApp/app/controllers/users_controller.rb:23: syntax error, unexpected ')', expecting &. or :: or '[' or '.'
...assword_digest, :session_token) #do we need to permit :passw...
...                              ^:
  app/controllers/users_controller.rb:23:in `'

Started POST "/__better_errors/cbe83495f23ad965/variables" for 127.0.0.1 at 2019-01-31 10:46:49 -0800
Started GET "/users/new" for 127.0.0.1 at 2019-01-31 10:47:06 -0800
Processing by UsersController#new as HTML
  Rendering users/new.html.erb within layouts/application
  Rendered users/new.html.erb within layouts/application (0.4ms)
Completed 200 OK in 933ms (Views: 913.4ms | ActiveRecord: 9.2ms)


Started GET "/users/new" for 127.0.0.1 at 2019-01-31 10:53:56 -0800
Processing by UsersController#new as HTML
  Rendering users/new.html.erb within layouts/application
  Rendered users/new.html.erb within layouts/application (0.7ms)
Completed 200 OK in 40ms (Views: 39.2ms | ActiveRecord: 0.0ms)


Started GET "/users/new" for 127.0.0.1 at 2019-01-31 10:54:41 -0800
Processing by UsersController#new as HTML
  Rendering users/new.html.erb within layouts/application
  Rendered users/new.html.erb within layouts/application (0.6ms)
Completed 200 OK in 80ms (Views: 79.6ms | ActiveRecord: 0.0ms)


Started GET "/users/new" for 127.0.0.1 at 2019-01-31 10:57:11 -0800
Processing by UsersController#new as HTML
  Rendering users/new.html.erb within layouts/application
  Rendered users/new.html.erb within layouts/application (0.7ms)
Completed 200 OK in 82ms (Views: 54.2ms | ActiveRecord: 13.9ms)


Started POST "/users/new" for 127.0.0.1 at 2019-01-31 10:57:24 -0800
  
ActionController::RoutingError (No route matches [POST] "/users/new"):
  
actionpack (5.2.2) lib/action_dispatch/middleware/debug_exceptions.rb:65:in `call'
web-console (3.7.0) lib/web_console/middleware.rb:135:in `call_app'
web-console (3.7.0) lib/web_console/middleware.rb:30:in `block in call'
web-console (3.7.0) lib/web_console/middleware.rb:20:in `catch'
web-console (3.7.0) lib/web_console/middleware.rb:20:in `call'
actionpack (5.2.2) lib/action_dispatch/middleware/show_exceptions.rb:33:in `call'
railties (5.2.2) lib/rails/rack/logger.rb:38:in `call_app'
railties (5.2.2) lib/rails/rack/logger.rb:26:in `block in call'
activesupport (5.2.2) lib/active_support/tagged_logging.rb:71:in `block in tagged'
activesupport (5.2.2) lib/active_support/tagged_logging.rb:28:in `tagged'
activesupport (5.2.2) lib/active_support/tagged_logging.rb:71:in `tagged'
railties (5.2.2) lib/rails/rack/logger.rb:26:in `call'
sprockets-rails (3.2.1) lib/sprockets/rails/quiet_assets.rb:13:in `call'
actionpack (5.2.2) lib/action_dispatch/middleware/remote_ip.rb:81:in `call'
actionpack (5.2.2) lib/action_dispatch/middleware/request_id.rb:27:in `call'
rack (2.0.6) lib/rack/method_override.rb:22:in `call'
rack (2.0.6) lib/rack/runtime.rb:22:in `call'
activesupport (5.2.2) lib/active_support/cache/strategy/local_cache_middleware.rb:29:in `call'
actionpack (5.2.2) lib/action_dispatch/middleware/executor.rb:14:in `call'
actionpack (5.2.2) lib/action_dispatch/middleware/static.rb:127:in `call'
rack (2.0.6) lib/rack/sendfile.rb:111:in `call'
railties (5.2.2) lib/rails/engine.rb:524:in `call'
puma (3.12.0) lib/puma/configuration.rb:225:in `call'
puma (3.12.0) lib/puma/server.rb:658:in `handle_request'
puma (3.12.0) lib/puma/server.rb:472:in `process_client'
puma (3.12.0) lib/puma/server.rb:332:in `block in run'
puma (3.12.0) lib/puma/thread_pool.rb:133:in `block in spawn_thread'
Started GET "/users/new" for 127.0.0.1 at 2019-01-31 10:58:41 -0800
Processing by UsersController#new as HTML
  Rendering users/new.html.erb within layouts/application
  Rendered users/new.html.erb within layouts/application (1.5ms)
Completed 200 OK in 80ms (Views: 57.2ms | ActiveRecord: 7.6ms)


  [1m[36mUser Load (0.8ms)[0m  [1m[34mSELECT "users".* FROM "users"[0m
Started POST "/users/new" for 127.0.0.1 at 2019-01-31 10:59:03 -0800
  
ActionController::RoutingError (No route matches [POST] "/users/new"):
  
actionpack (5.2.2) lib/action_dispatch/middleware/debug_exceptions.rb:65:in `call'
web-console (3.7.0) lib/web_console/middleware.rb:135:in `call_app'
web-console (3.7.0) lib/web_console/middleware.rb:30:in `block in call'
web-console (3.7.0) lib/web_console/middleware.rb:20:in `catch'
web-console (3.7.0) lib/web_console/middleware.rb:20:in `call'
actionpack (5.2.2) lib/action_dispatch/middleware/show_exceptions.rb:33:in `call'
railties (5.2.2) lib/rails/rack/logger.rb:38:in `call_app'
railties (5.2.2) lib/rails/rack/logger.rb:26:in `block in call'
activesupport (5.2.2) lib/active_support/tagged_logging.rb:71:in `block in tagged'
activesupport (5.2.2) lib/active_support/tagged_logging.rb:28:in `tagged'
activesupport (5.2.2) lib/active_support/tagged_logging.rb:71:in `tagged'
railties (5.2.2) lib/rails/rack/logger.rb:26:in `call'
sprockets-rails (3.2.1) lib/sprockets/rails/quiet_assets.rb:13:in `call'
actionpack (5.2.2) lib/action_dispatch/middleware/remote_ip.rb:81:in `call'
actionpack (5.2.2) lib/action_dispatch/middleware/request_id.rb:27:in `call'
rack (2.0.6) lib/rack/method_override.rb:22:in `call'
rack (2.0.6) lib/rack/runtime.rb:22:in `call'
activesupport (5.2.2) lib/active_support/cache/strategy/local_cache_middleware.rb:29:in `call'
actionpack (5.2.2) lib/action_dispatch/middleware/executor.rb:14:in `call'
actionpack (5.2.2) lib/action_dispatch/middleware/static.rb:127:in `call'
rack (2.0.6) lib/rack/sendfile.rb:111:in `call'
railties (5.2.2) lib/rails/engine.rb:524:in `call'
puma (3.12.0) lib/puma/configuration.rb:225:in `call'
puma (3.12.0) lib/puma/server.rb:658:in `handle_request'
puma (3.12.0) lib/puma/server.rb:472:in `process_client'
puma (3.12.0) lib/puma/server.rb:332:in `block in run'
puma (3.12.0) lib/puma/thread_pool.rb:133:in `block in spawn_thread'
Started GET "/users/new" for 127.0.0.1 at 2019-01-31 11:00:59 -0800
Processing by UsersController#new as HTML
  Rendering users/new.html.erb within layouts/application
  Rendered users/new.html.erb within layouts/application (0.5ms)
Completed 200 OK in 55ms (Views: 37.5ms | ActiveRecord: 6.4ms)


Started POST "/users" for 127.0.0.1 at 2019-01-31 11:01:07 -0800
Processing by UsersController#create as HTML
  Parameters: {"user"=>{"email"=>"kath@kath.com", "password"=>"[FILTERED]"}}
Can't verify CSRF token authenticity.
Completed 422 Unprocessable Entity in 1ms (ActiveRecord: 0.0ms)



ActionController::InvalidAuthenticityToken - ActionController::InvalidAuthenticityToken:

Started POST "/__better_errors/8446df5319e4cb1b/variables" for 127.0.0.1 at 2019-01-31 11:01:08 -0800
Started GET "/users/new" for 127.0.0.1 at 2019-01-31 11:02:19 -0800
Processing by UsersController#new as HTML
  Rendering users/new.html.erb within layouts/application
  Rendered users/new.html.erb within layouts/application (0.5ms)
Completed 200 OK in 33ms (Views: 31.3ms | ActiveRecord: 0.0ms)


Started POST "/users" for 127.0.0.1 at 2019-01-31 11:02:26 -0800
Processing by UsersController#create as HTML
  Parameters: {"authenticity_token"=>"MbOuE0DNOk5vnlP1xoqWrddwm936EPLQnj5ZDIGEOdB3luqzydqnT8m+8Zpjft3HIiTExrHSiUM7jCDKV/vofg==", "user"=>{"email"=>"kath@kath.com", "password"=>"[FILTERED]"}}
Unpermitted parameter: :password
Completed 500 Internal Server Error in 2ms (ActiveRecord: 0.0ms)



ActionController::UrlGenerationError - No route matches {:action=>"show", :controller=>"users"}, missing required keys: [:id]:
  app/controllers/users_controller.rb:10:in `create'

Started POST "/__better_errors/418a3ffd0e167299/variables" for 127.0.0.1 at 2019-01-31 11:02:27 -0800
Started POST "/users" for 127.0.0.1 at 2019-01-31 11:03:14 -0800
Processing by UsersController#create as HTML
  Parameters: {"authenticity_token"=>"MbOuE0DNOk5vnlP1xoqWrddwm936EPLQnj5ZDIGEOdB3luqzydqnT8m+8Zpjft3HIiTExrHSiUM7jCDKV/vofg==", "user"=>{"email"=>"ufiufhsudhf", "password"=>"[FILTERED]"}}
Unpermitted parameter: :password
Unpermitted parameter: :password
Completed 500 Internal Server Error in 329989ms (ActiveRecord: 5.4ms)



ActionController::UrlGenerationError - No route matches {:action=>"show", :controller=>"users"}, missing required keys: [:id]:
  app/controllers/users_controller.rb:10:in `create'

Started GET "/users/new" for 127.0.0.1 at 2019-01-31 11:08:44 -0800
Started GET "/users/new" for 127.0.0.1 at 2019-01-31 11:08:44 -0800
Started GET "/users/new" for 127.0.0.1 at 2019-01-31 11:08:44 -0800
Started GET "/users/new" for 127.0.0.1 at 2019-01-31 11:08:44 -0800
Started GET "/users/" for 127.0.0.1 at 2019-01-31 11:08:44 -0800
Processing by UsersController#new as HTML
  Rendering users/new.html.erb within layouts/application
  Rendered users/new.html.erb within layouts/application (2.3ms)
Processing by UsersController#new as HTML
  
ActionController::RoutingError (No route matches [GET] "/users"):
  
Processing by UsersController#new as HTML
Processing by UsersController#new as HTML
actionpack (5.2.2) lib/action_dispatch/middleware/debug_exceptions.rb:65:in `call'
web-console (3.7.0) lib/web_console/middleware.rb:135:in `call_app'
web-console (3.7.0) lib/web_console/middleware.rb:30:in `block in call'
web-console (3.7.0) lib/web_console/middleware.rb:20:in `catch'
web-console (3.7.0) lib/web_console/middleware.rb:20:in `call'
actionpack (5.2.2) lib/action_dispatch/middleware/show_exceptions.rb:33:in `call'
railties (5.2.2) lib/rails/rack/logger.rb:38:in `call_app'
railties (5.2.2) lib/rails/rack/logger.rb:26:in `block in call'
activesupport (5.2.2) lib/active_support/tagged_logging.rb:71:in `block in tagged'
activesupport (5.2.2) lib/active_support/tagged_logging.rb:28:in `tagged'
activesupport (5.2.2) lib/active_support/tagged_logging.rb:71:in `tagged'
railties (5.2.2) lib/rails/rack/logger.rb:26:in `call'
sprockets-rails (3.2.1) lib/sprockets/rails/quiet_assets.rb:13:in `call'
actionpack (5.2.2) lib/action_dispatch/middleware/remote_ip.rb:81:in `call'
actionpack (5.2.2) lib/action_dispatch/middleware/request_id.rb:27:in `call'
rack (2.0.6) lib/rack/method_override.rb:22:in `call'
rack (2.0.6) lib/rack/runtime.rb:22:in `call'
activesupport (5.2.2) lib/active_support/cache/strategy/local_cache_middleware.rb:29:in `call'
actionpack (5.2.2) lib/action_dispatch/middleware/executor.rb:14:in `call'
actionpack (5.2.2) lib/action_dispatch/middleware/static.rb:127:in `call'
rack (2.0.6) lib/rack/sendfile.rb:111:in `call'
railties (5.2.2) lib/rails/engine.rb:524:in `call'
puma (3.12.0) lib/puma/configuration.rb:225:in `call'
puma (3.12.0) lib/puma/server.rb:658:in `handle_request'
puma (3.12.0) lib/puma/server.rb:472:in `process_client'
puma (3.12.0) lib/puma/server.rb:332:in `block in run'
puma (3.12.0) lib/puma/thread_pool.rb:133:in `block in spawn_thread'
  Rendering users/new.html.erb within layouts/application
  Rendered users/new.html.erb within layouts/application (0.2ms)
  Rendering users/new.html.erb within layouts/application
  Rendered users/new.html.erb within layouts/application (0.2ms)
  Rendering users/new.html.erb within layouts/application
  Rendered users/new.html.erb within layouts/application (0.2ms)
Completed 200 OK in 142ms (Views: 141.1ms | ActiveRecord: 0.0ms)


Completed 200 OK in 237ms (Views: 236.0ms | ActiveRecord: 0.0ms)


Completed 200 OK in 351ms (Views: 350.1ms | ActiveRecord: 0.0ms)


Completed 200 OK in 451ms (Views: 449.7ms | ActiveRecord: 0.0ms)


Started GET "/users/new" for 127.0.0.1 at 2019-01-31 11:08:51 -0800
Processing by UsersController#new as HTML
  Rendering users/new.html.erb within layouts/application
  Rendered users/new.html.erb within layouts/application (0.7ms)
Completed 200 OK in 65ms (Views: 28.2ms | ActiveRecord: 11.6ms)


Started POST "/users" for 127.0.0.1 at 2019-01-31 11:09:01 -0800
Processing by UsersController#create as HTML
  Parameters: {"authenticity_token"=>"N+NBrABF8AVS1Rsw930LTgVdENPemU+FMWblHng3bRBxxgUMiVJtBPT1uV9SiUAk8AlPyJVbNBaU1JzYrki8vg==", "user"=>{"email"=>"kath@kath.com", "password"=>"[FILTERED]"}}
Completed 500 Internal Server Error in 268ms (ActiveRecord: 0.0ms)



NameError - undefined local variable or method `username' for #<UsersController:0x00007fab7cc343b0>
Did you mean?  user_params:
  app/controllers/users_controller.rb:8:in `create'

Started POST "/__better_errors/9c902175240168d6/variables" for 127.0.0.1 at 2019-01-31 11:09:02 -0800
Started GET "/users/new" for 127.0.0.1 at 2019-01-31 11:09:30 -0800
Processing by UsersController#new as HTML
  Rendering users/new.html.erb within layouts/application
  Rendered users/new.html.erb within layouts/application (0.7ms)
Completed 200 OK in 64ms (Views: 44.2ms | ActiveRecord: 9.0ms)


Started POST "/users" for 127.0.0.1 at 2019-01-31 11:09:57 -0800
Processing by UsersController#create as HTML
  Parameters: {"authenticity_token"=>"sWhZd0RiWWF9YsJxG7UvHvcjrzHhsQI7W8/ySBjMYYz3TR3XzXXEYNtCYB6+QWR0AnfwKqpzeaj+fYuOzrOwIg==", "user"=>{"email"=>"kath@kath.com", "password"=>"[FILTERED]"}}
Completed 500 Internal Server Error in 263ms (ActiveRecord: 0.0ms)



NameError - undefined local variable or method `email' for #<UsersController:0x00007fab81271490>:
  app/controllers/users_controller.rb:8:in `create'

Started POST "/__better_errors/5872ad7a8f666f49/variables" for 127.0.0.1 at 2019-01-31 11:09:57 -0800
Started POST "/users" for 127.0.0.1 at 2019-01-31 11:10:27 -0800
Processing by UsersController#create as HTML
  Parameters: {"authenticity_token"=>"sWhZd0RiWWF9YsJxG7UvHvcjrzHhsQI7W8/ySBjMYYz3TR3XzXXEYNtCYB6+QWR0AnfwKqpzeaj+fYuOzrOwIg==", "user"=>{"email"=>"kath@kath.com", "password"=>"[FILTERED]"}}
Completed 500 Internal Server Error in 348ms (ActiveRecord: 0.0ms)



NameError - undefined local variable or method `email' for #<UsersController:0x00007fab7d3a80d8>:
  app/controllers/users_controller.rb:8:in `create'

Started POST "/__better_errors/43b8928fe28f456e/variables" for 127.0.0.1 at 2019-01-31 11:10:28 -0800
Started GET "/users/new" for 127.0.0.1 at 2019-01-31 11:11:50 -0800
  [1m[35m (2.0ms)[0m  [1m[34mSELECT "schema_migrations"."version" FROM "schema_migrations" ORDER BY "schema_migrations"."version" ASC[0m
  ↳ /Users/kathrynchu/.rvm/gems/ruby-2.5.1/gems/activerecord-5.2.2/lib/active_record/log_subscriber.rb:98
Processing by UsersController#new as HTML
  Rendering users/new.html.erb within layouts/application
  Rendered users/new.html.erb within layouts/application (1.7ms)
Completed 200 OK in 303ms (Views: 282.8ms | ActiveRecord: 6.7ms)


Started POST "/users" for 127.0.0.1 at 2019-01-31 11:11:59 -0800
Processing by UsersController#create as HTML
  Parameters: {"authenticity_token"=>"+VlxBxscbTHPvQo+EZba/vaIlybj3DIIaRlj/ghmeA6/fDWnkgvwMGmdqFG0YpGUA9zIPageSZvMqxo43hmpoA==", "user"=>{"email"=>"kath@kath.com", "password"=>"[FILTERED]"}}
Completed 500 Internal Server Error in 155ms (ActiveRecord: 0.0ms)



NameError - undefined local variable or method `email' for #<UsersController:0x00007fb2ca9b9bf8>:
  app/controllers/users_controller.rb:8:in `create'

Started POST "/__better_errors/5d55dc4c556bc188/variables" for 127.0.0.1 at 2019-01-31 11:12:00 -0800
Started GET "/users/new" for 127.0.0.1 at 2019-01-31 11:12:12 -0800
Processing by UsersController#new as HTML
  Rendering users/new.html.erb within layouts/application
  Rendered users/new.html.erb within layouts/application (0.6ms)
Completed 200 OK in 64ms (Views: 37.1ms | ActiveRecord: 10.8ms)


Started POST "/users" for 127.0.0.1 at 2019-01-31 11:12:21 -0800
Processing by UsersController#create as HTML
  Parameters: {"authenticity_token"=>"5fwiXght/OVVNikQwQS6YBGSHDZWX8QBH8hTYFPMaQej2Wb+gXph5PMWi39k8PEK5MZDLR2dv5K6eiqmhbO4qQ==", "user"=>{"email"=>"kath@kath.com", "password"=>"[FILTERED]"}}
Completed 500 Internal Server Error in 1ms (ActiveRecord: 0.0ms)



ArgumentError - wrong number of arguments (given 2, expected 0..1):
  app/controllers/users_controller.rb:8:in `create'

Started POST "/__better_errors/dd5826f7cd055b2e/variables" for 127.0.0.1 at 2019-01-31 11:12:22 -0800
Started GET "/users/new" for 127.0.0.1 at 2019-01-31 11:12:46 -0800
Processing by UsersController#new as HTML
  Rendering users/new.html.erb within layouts/application
  Rendered users/new.html.erb within layouts/application (0.6ms)
Completed 200 OK in 66ms (Views: 42.2ms | ActiveRecord: 8.9ms)


Started POST "/users" for 127.0.0.1 at 2019-01-31 11:12:53 -0800
Processing by UsersController#create as HTML
  Parameters: {"authenticity_token"=>"xUEoOxQazMBi16y3iwMxIUWDyc3B2i5WIRH6rJ1SxzGDZGybnQ1RwcT3Dtgu93pLsNeW1ooYVcWEo4NqSy0Wnw==", "user"=>{"email"=>"kath@kath.com", "password"=>"[FILTERED]"}}
  [1m[35m (0.2ms)[0m  [1m[35mBEGIN[0m
  ↳ app/controllers/users_controller.rb:10
  [1m[36mUser Exists (0.9ms)[0m  [1m[34mSELECT  1 AS one FROM "users" WHERE "users"."email" = $1 LIMIT $2[0m  [["email", "kath@kath.com"], ["LIMIT", 1]]
  ↳ app/controllers/users_controller.rb:10
  [1m[36mUser Create (1.3ms)[0m  [1m[32mINSERT INTO "users" ("email", "password_digest", "session_token", "created_at", "updated_at") VALUES ($1, $2, $3, $4, $5) RETURNING "id"[0m  [["email", "kath@kath.com"], ["password_digest", "$2a$10$RUD/E.tpQeqYGjIzcynyEuM7YiANvg2p2nMPSu27TGVSc802S8GZG"], ["session_token", "sIYkIYWvgNow3yce1BdJ-g"], ["created_at", "2019-01-31 19:12:53.339497"], ["updated_at", "2019-01-31 19:12:53.339497"]]
  ↳ app/controllers/users_controller.rb:10
  [1m[35m (0.6ms)[0m  [1m[35mCOMMIT[0m
  ↳ app/controllers/users_controller.rb:10
Completed 500 Internal Server Error in 77ms (ActiveRecord: 3.0ms)



ActionController::UrlGenerationError - No route matches {:action=>"show", :controller=>"users"}, missing required keys: [:id]:
  app/controllers/users_controller.rb:12:in `create'

Started POST "/__better_errors/77f817aee8fedfdb/variables" for 127.0.0.1 at 2019-01-31 11:12:53 -0800
  [1m[36mUser Load (2.0ms)[0m  [1m[34mSELECT "users".* FROM "users"[0m
Started GET "/users/new" for 127.0.0.1 at 2019-01-31 11:14:17 -0800
Processing by UsersController#new as HTML
  Rendering users/new.html.erb within layouts/application
  Rendered users/new.html.erb within layouts/application (0.5ms)
Completed 200 OK in 62ms (Views: 38.4ms | ActiveRecord: 11.8ms)


Started POST "/users" for 127.0.0.1 at 2019-01-31 11:14:28 -0800
Processing by UsersController#create as HTML
  Parameters: {"authenticity_token"=>"HeR+iddR/9y4rXO3ke+jm1NJDunKcN8J7vATubH+w3RbwTopXkZi3R6N0dg0G+jxph1R8oGypJpLQmp/Z4ES2g==", "user"=>{"email"=>"av@av.com", "password"=>"[FILTERED]"}}
  [1m[35m (0.2ms)[0m  [1m[35mBEGIN[0m
  ↳ app/controllers/users_controller.rb:10
  [1m[36mUser Exists (0.4ms)[0m  [1m[34mSELECT  1 AS one FROM "users" WHERE "users"."email" = $1 LIMIT $2[0m  [["email", "av@av.com"], ["LIMIT", 1]]
  ↳ app/controllers/users_controller.rb:10
  [1m[36mUser Create (1.4ms)[0m  [1m[32mINSERT INTO "users" ("email", "password_digest", "session_token", "created_at", "updated_at") VALUES ($1, $2, $3, $4, $5) RETURNING "id"[0m  [["email", "av@av.com"], ["password_digest", "$2a$10$2hLPKi6qqFAjgQyinJ7wd.rTLOsfEtQ3eJN2xkQ1ZFGSV1z90fUvq"], ["session_token", "yD0rqvYRBXFI68la7hFvYQ"], ["created_at", "2019-01-31 19:14:28.352210"], ["updated_at", "2019-01-31 19:14:28.352210"]]
  ↳ app/controllers/users_controller.rb:10
  [1m[35m (1.2ms)[0m  [1m[35mCOMMIT[0m
  ↳ app/controllers/users_controller.rb:10
Redirected to http://localhost:3000/users/4
Completed 302 Found in 75ms (ActiveRecord: 3.2ms)


Started GET "/users/4" for 127.0.0.1 at 2019-01-31 11:14:28 -0800
Processing by UsersController#show as HTML
  Parameters: {"id"=>"4"}
  Rendering users/show.html.erb within layouts/application
  Rendered users/show.html.erb within layouts/application (0.4ms)
Completed 200 OK in 33ms (Views: 32.8ms | ActiveRecord: 0.0ms)


  [1m[36mUser Load (0.7ms)[0m  [1m[34mSELECT "users".* FROM "users"[0m
Started GET "/users/new" for 127.0.0.1 at 2019-01-31 11:14:58 -0800
Processing by UsersController#new as HTML
  Rendering users/new.html.erb within layouts/application
  Rendered users/new.html.erb within layouts/application (0.6ms)
Completed 200 OK in 48ms (Views: 29.1ms | ActiveRecord: 8.3ms)


Started POST "/users" for 127.0.0.1 at 2019-01-31 11:15:01 -0800
Processing by UsersController#create as HTML
  Parameters: {"authenticity_token"=>"ik0mNaG/ll0D22RqCAjpZvMojmQe93dxuH4T4+XxxmLMaGKVKKgLXKX7xgWt/KIMBnzRf1U1DOIdzGolM44XzA==", "user"=>{"email"=>"sgsgf", "password"=>"[FILTERED]"}}
  [1m[35m (0.2ms)[0m  [1m[35mBEGIN[0m
  ↳ app/controllers/users_controller.rb:10
  [1m[36mUser Exists (0.4ms)[0m  [1m[34mSELECT  1 AS one FROM "users" WHERE "users"."email" = $1 LIMIT $2[0m  [["email", "sgsgf"], ["LIMIT", 1]]
  ↳ app/controllers/users_controller.rb:10
  [1m[35m (0.2ms)[0m  [1m[31mROLLBACK[0m
  ↳ app/controllers/users_controller.rb:10
  Rendering users/new.html.erb within layouts/application
  Rendered users/new.html.erb within layouts/application (0.5ms)
Completed 200 OK in 96ms (Views: 19.1ms | ActiveRecord: 0.8ms)


  [1m[36mUser Load (0.5ms)[0m  [1m[34mSELECT "users".* FROM "users"[0m
Started POST "/users" for 127.0.0.1 at 2019-01-31 11:15:54 -0800
Processing by UsersController#create as HTML
  Parameters: {"authenticity_token"=>"HpkLnIEuA5ZbWz/iBfG46wp1ZctZxrUQ1CPtnzEq9XxYvE88CDmel/17nY2gBfOB/yE60BIEzoNxkZRZ51Uk0g==", "user"=>{"email"=>"hchu@cal.com", "password"=>"[FILTERED]"}}
  [1m[35m (0.2ms)[0m  [1m[35mBEGIN[0m
  ↳ app/controllers/users_controller.rb:10
  [1m[36mUser Exists (0.4ms)[0m  [1m[34mSELECT  1 AS one FROM "users" WHERE "users"."email" = $1 LIMIT $2[0m  [["email", "hchu@cal.com"], ["LIMIT", 1]]
  ↳ app/controllers/users_controller.rb:10
  [1m[36mUser Create (0.4ms)[0m  [1m[32mINSERT INTO "users" ("email", "password_digest", "session_token", "created_at", "updated_at") VALUES ($1, $2, $3, $4, $5) RETURNING "id"[0m  [["email", "hchu@cal.com"], ["password_digest", "$2a$10$Ge1.rX9mP9Tw0pQo3zMdouyqEEW42BjLfU6X9rbiu7CtekUNtBru6"], ["session_token", "t6PR_jyrpNaNP33jYRN4hw"], ["created_at", "2019-01-31 19:15:54.293137"], ["updated_at", "2019-01-31 19:15:54.293137"]]
  ↳ app/controllers/users_controller.rb:10
  [1m[35m (0.5ms)[0m  [1m[35mCOMMIT[0m
  ↳ app/controllers/users_controller.rb:10
Redirected to http://localhost:3000/users/5
Completed 302 Found in 73ms (ActiveRecord: 1.4ms)


Started GET "/users/5" for 127.0.0.1 at 2019-01-31 11:15:54 -0800
Processing by UsersController#show as HTML
  Parameters: {"id"=>"5"}
  Rendering users/show.html.erb within layouts/application
  Rendered users/show.html.erb within layouts/application (13.5ms)
Completed 500 Internal Server Error in 20ms (ActiveRecord: 0.0ms)



NoMethodError - undefined method `email' for nil:NilClass:
  app/views/users/show.html.erb:1:in `_app_views_users_show_html_erb___2542320813211271246_70202899680500'
  app/controllers/users_controller.rb:20:in `show'

Started POST "/__better_errors/b4d334eb77ccb805/variables" for 127.0.0.1 at 2019-01-31 11:15:54 -0800
Started GET "/users/5" for 127.0.0.1 at 2019-01-31 11:17:06 -0800
Processing by UsersController#show as HTML
  Parameters: {"id"=>"5"}
  Rendering users/show.html.erb within layouts/application
  Rendered users/show.html.erb within layouts/application (333.5ms)
Completed 500 Internal Server Error in 344ms (ActiveRecord: 0.0ms)



NameError - undefined local variable or method `user' for #<#<Class:0x00007fb2cbb20e50>:0x00007fb2c5412970>:
  app/views/users/show.html.erb:1:in `_app_views_users_show_html_erb___2542320813211271246_70202907371400'
  app/controllers/users_controller.rb:20:in `show'

Started POST "/__better_errors/8fd795a02b3300bc/variables" for 127.0.0.1 at 2019-01-31 11:17:07 -0800
Started GET "/users/new" for 127.0.0.1 at 2019-01-31 11:17:09 -0800
Processing by UsersController#new as HTML
  Rendering users/new.html.erb within layouts/application
  Rendered users/new.html.erb within layouts/application (0.8ms)
Completed 200 OK in 44ms (Views: 42.7ms | ActiveRecord: 0.0ms)


Started POST "/users" for 127.0.0.1 at 2019-01-31 11:17:19 -0800
Processing by UsersController#create as HTML
  Parameters: {"authenticity_token"=>"KP9wrfcUXtPmq2KEJHVOsUo74pzxEpmjMJrNPNdxXthu2jQNfgPD0kCLwOuBgQXbv2+9h7rQ4jCVKLT6AQ6Pdg==", "user"=>{"email"=>"cchu@ucla.com", "password"=>"[FILTERED]"}}
  [1m[35m (0.2ms)[0m  [1m[35mBEGIN[0m
  ↳ app/controllers/users_controller.rb:10
  [1m[36mUser Exists (0.4ms)[0m  [1m[34mSELECT  1 AS one FROM "users" WHERE "users"."email" = $1 LIMIT $2[0m  [["email", "cchu@ucla.com"], ["LIMIT", 1]]
  ↳ app/controllers/users_controller.rb:10
  [1m[36mUser Create (0.4ms)[0m  [1m[32mINSERT INTO "users" ("email", "password_digest", "session_token", "created_at", "updated_at") VALUES ($1, $2, $3, $4, $5) RETURNING "id"[0m  [["email", "cchu@ucla.com"], ["password_digest", "$2a$10$x2ZufXNhEb/Yj7k0gnxOmOxDDk0uXqhCrdfF2kznamsXrxTXv1J2a"], ["session_token", "RtCGcdBf3ojKZq44zJJNew"], ["created_at", "2019-01-31 19:17:19.806729"], ["updated_at", "2019-01-31 19:17:19.806729"]]
  ↳ app/controllers/users_controller.rb:10
  [1m[35m (0.8ms)[0m  [1m[35mCOMMIT[0m
  ↳ app/controllers/users_controller.rb:10
Redirected to http://localhost:3000/users/6
Completed 302 Found in 73ms (ActiveRecord: 1.8ms)


Started GET "/users/6" for 127.0.0.1 at 2019-01-31 11:17:19 -0800
Processing by UsersController#show as HTML
  Parameters: {"id"=>"6"}
  Rendering users/show.html.erb within layouts/application
  Rendered users/show.html.erb within layouts/application (390.7ms)
Completed 500 Internal Server Error in 397ms (ActiveRecord: 0.0ms)



NameError - undefined local variable or method `user' for #<#<Class:0x00007fb2cbb20e50>:0x00007fb2c5dfa2f8>:
  app/views/users/show.html.erb:1:in `_app_views_users_show_html_erb___2542320813211271246_70202900334600'
  app/controllers/users_controller.rb:20:in `show'

Started POST "/__better_errors/ee79ecb6bea80bda/variables" for 127.0.0.1 at 2019-01-31 11:17:20 -0800
  [1m[36mUser Load (0.6ms)[0m  [1m[34mSELECT "users".* FROM "users"[0m
Started GET "/users/new" for 127.0.0.1 at 2019-01-31 11:18:44 -0800
Processing by UsersController#new as HTML
  Rendering users/new.html.erb within layouts/application
  Rendered users/new.html.erb within layouts/application (1.3ms)
Completed 200 OK in 43ms (Views: 42.2ms | ActiveRecord: 0.0ms)


Started GET "/session/new" for 127.0.0.1 at 2019-01-31 11:26:14 -0800
Processing by SessionsController#new as HTML
  Rendering sessions/new.html.erb within layouts/application
  Rendered sessions/new.html.erb within layouts/application (0.6ms)
Completed 200 OK in 45ms (Views: 44.9ms | ActiveRecord: 0.0ms)


Started POST "/session" for 127.0.0.1 at 2019-01-31 11:26:21 -0800
Processing by SessionsController#create as HTML
  Parameters: {"authenticity_token"=>"SY7fnPjjD5F4lX1N9TUiJ0nvLljjGW7SW0gP9rzteeMPq5s8cfSSkN613yJQwWlNvLtxQ6jbFUH++nYwapKoTQ==", "user"=>{"email"=>"kchu@cal.com", "password"=>"[FILTERED]"}}
Completed 500 Internal Server Error in 265ms (ActiveRecord: 0.0ms)



NameError - undefined local variable or method `user' for #<SessionsController:0x00007fb2cba9f378>:
  app/controllers/sessions_controller.rb:8:in `create'

Started POST "/__better_errors/4f28c4f5d67ce027/variables" for 127.0.0.1 at 2019-01-31 11:26:22 -0800
Started GET "/session/new" for 127.0.0.1 at 2019-01-31 11:26:41 -0800
Processing by SessionsController#new as HTML
  Rendering sessions/new.html.erb within layouts/application
  Rendered sessions/new.html.erb within layouts/application (0.8ms)
Completed 200 OK in 45ms (Views: 44.4ms | ActiveRecord: 0.0ms)


Started POST "/session" for 127.0.0.1 at 2019-01-31 11:26:48 -0800
Processing by SessionsController#create as HTML
  Parameters: {"authenticity_token"=>"Yq0Y21swO3z57c1YhvR4auGyoPbwQFFQkswGeujaCAkkiFx70iemfV/NbzcjADMAFOb/7buCKsM3fn+8PqXZpw==", "user"=>{"email"=>"kchu@cal.com", "password"=>"[FILTERED]"}}
Completed 500 Internal Server Error in 323ms (ActiveRecord: 0.0ms)



NameError - undefined local variable or method `user' for #<SessionsController:0x00007fb2c6dc8b58>:
  app/controllers/sessions_controller.rb:8:in `create'

Started POST "/__better_errors/d44a83614335bb3f/variables" for 127.0.0.1 at 2019-01-31 11:26:49 -0800
Started GET "/session/new" for 127.0.0.1 at 2019-01-31 11:27:08 -0800
Processing by SessionsController#new as HTML
  Rendering sessions/new.html.erb within layouts/application
  Rendered sessions/new.html.erb within layouts/application (0.5ms)
Completed 200 OK in 37ms (Views: 36.4ms | ActiveRecord: 0.0ms)


Started POST "/session" for 127.0.0.1 at 2019-01-31 11:27:16 -0800
Processing by SessionsController#create as HTML
  Parameters: {"authenticity_token"=>"I2++FcKlnW3dZe15IMsW2DzEsYp6FZ3BA7Z8HZ1JG9ZlSvq1S7IAbHtFTxaFP12yyZDukTHX5lKmBAXbSzbKeA==", "user"=>{"email"=>"kchu@cal.com", "password"=>"[FILTERED]"}}
  [1m[36mUser Load (0.8ms)[0m  [1m[34mSELECT  "users".* FROM "users" WHERE "users"."email" = $1 LIMIT $2[0m  [["email", "kchu@cal.com"], ["LIMIT", 1]]
  ↳ app/models/user.rb:24
Redirected to http://localhost:3000/users/1
Completed 302 Found in 102ms (ActiveRecord: 19.8ms)


Started GET "/users/1" for 127.0.0.1 at 2019-01-31 11:27:16 -0800
Processing by UsersController#show as HTML
  Parameters: {"id"=>"1"}
  Rendering users/show.html.erb within layouts/application
  Rendered users/show.html.erb within layouts/application (0.6ms)
Completed 200 OK in 22ms (Views: 21.5ms | ActiveRecord: 0.0ms)


Started GET "/users/new" for 127.0.0.1 at 2019-01-31 11:29:01 -0800
Processing by UsersController#new as HTML
  Rendering users/new.html.erb within layouts/application
  Rendered users/new.html.erb within layouts/application (0.6ms)
Completed 200 OK in 36ms (Views: 21.6ms | ActiveRecord: 5.7ms)


Started GET "/session/new" for 127.0.0.1 at 2019-01-31 11:29:05 -0800
Processing by SessionsController#new as HTML
  Rendering sessions/new.html.erb within layouts/application
  Rendered sessions/new.html.erb within layouts/application (0.8ms)
Completed 200 OK in 31ms (Views: 29.7ms | ActiveRecord: 0.0ms)


Started POST "/session" for 127.0.0.1 at 2019-01-31 11:29:13 -0800
Processing by SessionsController#create as HTML
  Parameters: {"authenticity_token"=>"bfPHC49Tj+XmRdUP2eCIV9D1zkvXkZ6d1UCjdnUzRkEr1oOrBkQS5EBld2B8FMM9JaGRUJxT5Q5w8tqwo0yX7w==", "user"=>{"email"=>"kath@cal.com", "password"=>"[FILTERED]"}}
  [1m[36mUser Load (0.6ms)[0m  [1m[34mSELECT  "users".* FROM "users" WHERE "users"."email" = $1 LIMIT $2[0m  [["email", "kath@cal.com"], ["LIMIT", 1]]
  ↳ app/models/user.rb:24
  Rendering sessions/new.html.erb within layouts/application
  Rendered sessions/new.html.erb within layouts/application (0.8ms)
Completed 200 OK in 29ms (Views: 25.7ms | ActiveRecord: 0.6ms)


Started POST "/session" for 127.0.0.1 at 2019-01-31 11:29:21 -0800
Processing by SessionsController#create as HTML
  Parameters: {"authenticity_token"=>"gKIBGQE7xqr5Ax6JzCsQYjVE0a2kVK3akEjK1nxXR9XGh0W5iCxbq18jvOZp31sIwBCOtu+W1kk1+rMQqiiWew==", "user"=>{"email"=>"kchu@cal.com", "password"=>"[FILTERED]"}}
  [1m[36mUser Load (0.5ms)[0m  [1m[34mSELECT  "users".* FROM "users" WHERE "users"."email" = $1 LIMIT $2[0m  [["email", "kchu@cal.com"], ["LIMIT", 1]]
  ↳ app/models/user.rb:24
Redirected to http://localhost:3000/users/1
Completed 302 Found in 72ms (ActiveRecord: 0.5ms)


Started GET "/users/1" for 127.0.0.1 at 2019-01-31 11:29:21 -0800
Processing by UsersController#show as HTML
  Parameters: {"id"=>"1"}
  Rendering users/show.html.erb within layouts/application
  Rendered users/show.html.erb within layouts/application (5.0ms)
Completed 500 Internal Server Error in 15ms (ActiveRecord: 0.0ms)



NoMethodError - undefined method `email' for nil:NilClass:
  app/views/users/show.html.erb:1:in `_app_views_users_show_html_erb___2542320813211271246_70202900336600'
  app/controllers/users_controller.rb:20:in `show'

Started POST "/__better_errors/1ac1708cc1f3eefd/variables" for 127.0.0.1 at 2019-01-31 11:29:22 -0800
Started GET "/session/new" for 127.0.0.1 at 2019-01-31 11:31:31 -0800
Processing by SessionsController#new as HTML
  Rendering sessions/new.html.erb within layouts/application
  Rendered sessions/new.html.erb within layouts/application (0.7ms)
Completed 200 OK in 58ms (Views: 57.8ms | ActiveRecord: 0.0ms)


Started POST "/session" for 127.0.0.1 at 2019-01-31 11:31:39 -0800
Processing by SessionsController#create as HTML
  Parameters: {"authenticity_token"=>"NDL0rYvJvzdDRpS7ps94U8useZhuZzyqSdVu4IebuONyF7ANAt4iNuVmNtQDOzM5PvgmgyWlRznsZxcmUeRpTQ==", "user"=>{"email"=>"kchu@cal.com", "password"=>"[FILTERED]"}}
  [1m[36mUser Load (0.5ms)[0m  [1m[34mSELECT  "users".* FROM "users" WHERE "users"."email" = $1 LIMIT $2[0m  [["email", "kchu@cal.com"], ["LIMIT", 1]]
  ↳ app/models/user.rb:24
Redirected to http://localhost:3000/users/1
Completed 302 Found in 87ms (ActiveRecord: 8.2ms)


Started GET "/users/1" for 127.0.0.1 at 2019-01-31 11:31:39 -0800
Processing by UsersController#show as HTML
  Parameters: {"id"=>"1"}
Completed 400 Bad Request in 1ms (ActiveRecord: 0.0ms)



ActionController::ParameterMissing - param is missing or the value is empty: user:
  app/controllers/users_controller.rb:27:in `user_params'
  app/controllers/users_controller.rb:20:in `show'

Started POST "/__better_errors/80694109a9910352/variables" for 127.0.0.1 at 2019-01-31 11:31:40 -0800
Started GET "/session/new" for 127.0.0.1 at 2019-01-31 11:32:19 -0800
Processing by SessionsController#new as HTML
  Rendering sessions/new.html.erb within layouts/application
  Rendered sessions/new.html.erb within layouts/application (0.8ms)
Completed 200 OK in 40ms (Views: 39.6ms | ActiveRecord: 0.0ms)


Started POST "/session" for 127.0.0.1 at 2019-01-31 11:32:27 -0800
Processing by SessionsController#create as HTML
  Parameters: {"authenticity_token"=>"JDUN+SeJFicFbvGZ8B4JPs/k1PX+EgMAMPPdBsakYk5iEElZrp6LJqNOU/ZV6kJUOrCL7rXQeJOVQaTAENuz4A==", "user"=>{"email"=>"kchu@cal.com", "password"=>"[FILTERED]"}}
  [1m[36mUser Load (0.4ms)[0m  [1m[34mSELECT  "users".* FROM "users" WHERE "users"."email" = $1 LIMIT $2[0m  [["email", "kchu@cal.com"], ["LIMIT", 1]]
  ↳ app/models/user.rb:24
  Rendering sessions/new.html.erb within layouts/application
  Rendered sessions/new.html.erb within layouts/application (0.7ms)
Completed 200 OK in 106ms (Views: 20.5ms | ActiveRecord: 7.9ms)


Started POST "/session" for 127.0.0.1 at 2019-01-31 11:32:35 -0800
Processing by SessionsController#create as HTML
  Parameters: {"authenticity_token"=>"kh1nMrWb+AYJZTQaP7hMii5OXXLB7ZAPXwg/KiUMYq/UOCOSPIxlB69FlnWaTAfg2xoCaYov65z6ukbs83OzAQ==", "user"=>{"email"=>"kchu@cal.com", "password"=>"[FILTERED]"}}
  [1m[36mUser Load (0.5ms)[0m  [1m[34mSELECT  "users".* FROM "users" WHERE "users"."email" = $1 LIMIT $2[0m  [["email", "kchu@cal.com"], ["LIMIT", 1]]
  ↳ app/models/user.rb:24
Redirected to http://localhost:3000/users/1
Completed 302 Found in 67ms (ActiveRecord: 0.5ms)


Started GET "/users/1" for 127.0.0.1 at 2019-01-31 11:32:35 -0800
Processing by UsersController#show as HTML
  Parameters: {"id"=>"1"}
Completed 400 Bad Request in 1ms (ActiveRecord: 0.0ms)



ActionController::ParameterMissing - param is missing or the value is empty: user:
  app/controllers/users_controller.rb:27:in `user_params'
  app/controllers/users_controller.rb:20:in `show'

Started POST "/__better_errors/95f87677f5e120a1/variables" for 127.0.0.1 at 2019-01-31 11:32:35 -0800
Started GET "/session/new" for 127.0.0.1 at 2019-01-31 11:33:00 -0800
Processing by SessionsController#new as HTML
  Rendering sessions/new.html.erb within layouts/application
  Rendered sessions/new.html.erb within layouts/application (0.7ms)
Completed 200 OK in 38ms (Views: 37.1ms | ActiveRecord: 0.0ms)


Started POST "/session" for 127.0.0.1 at 2019-01-31 11:33:06 -0800
Processing by SessionsController#create as HTML
  Parameters: {"authenticity_token"=>"nKLr0ZgOB19if11dGlGIOdxwwjwjap64C25r1qjfXiPah69xERmaXsRf/zK/pcNTKSSdJ2io5Suu3BIQfqCPjQ==", "user"=>{"email"=>"kchu@cal.com", "password"=>"[FILTERED]"}}
  [1m[36mUser Load (0.8ms)[0m  [1m[34mSELECT  "users".* FROM "users" WHERE "users"."email" = $1 LIMIT $2[0m  [["email", "kchu@cal.com"], ["LIMIT", 1]]
  ↳ app/models/user.rb:24
Redirected to http://localhost:3000/users/1
Completed 302 Found in 85ms (ActiveRecord: 7.8ms)


Started GET "/users/1" for 127.0.0.1 at 2019-01-31 11:33:06 -0800
Processing by UsersController#show as HTML
  Parameters: {"id"=>"1"}
Completed 500 Internal Server Error in 1ms (ActiveRecord: 0.0ms)



NoMethodError - undefined method `[]' for nil:NilClass:
  app/controllers/users_controller.rb:20:in `show'

Started POST "/__better_errors/4c3876a0bb036e62/variables" for 127.0.0.1 at 2019-01-31 11:33:06 -0800
Started GET "/session/new" for 127.0.0.1 at 2019-01-31 11:35:51 -0800
Processing by SessionsController#new as HTML
  Rendering sessions/new.html.erb within layouts/application
  Rendered sessions/new.html.erb within layouts/application (0.7ms)
Completed 200 OK in 37ms (Views: 36.0ms | ActiveRecord: 0.0ms)


Started POST "/session" for 127.0.0.1 at 2019-01-31 11:35:56 -0800
Processing by SessionsController#create as HTML
  Parameters: {"authenticity_token"=>"12toD+ytNUcdUJIaIXecBHfEBIO5dpg3uwI0IlTvi9WRTiyvZbqoRrtwMHWEg9dugpBbmPK046QesE3kgpBaew==", "user"=>{"email"=>"kchu@cal.com", "password"=>"[FILTERED]"}}
  [1m[36mUser Load (0.4ms)[0m  [1m[34mSELECT  "users".* FROM "users" WHERE "users"."email" = $1 LIMIT $2[0m  [["email", "kchu@cal.com"], ["LIMIT", 1]]
  ↳ app/models/user.rb:24
Redirected to http://localhost:3000/users/1
Completed 302 Found in 84ms (ActiveRecord: 6.5ms)


Started GET "/users/1" for 127.0.0.1 at 2019-01-31 11:35:56 -0800
Processing by UsersController#show as HTML
  Parameters: {"id"=>"1"}
Completed 500 Internal Server Error in 1ms (ActiveRecord: 0.0ms)



NoMethodError - undefined method `[]' for nil:NilClass:
  app/controllers/users_controller.rb:20:in `show'

Started POST "/__better_errors/fc0fbd91b9270b98/variables" for 127.0.0.1 at 2019-01-31 11:35:57 -0800
Started GET "/session/new" for 127.0.0.1 at 2019-01-31 11:36:32 -0800
Processing by SessionsController#new as HTML
  Rendering sessions/new.html.erb within layouts/application
  Rendered sessions/new.html.erb within layouts/application (0.7ms)
Completed 200 OK in 42ms (Views: 41.6ms | ActiveRecord: 0.0ms)


Started POST "/session" for 127.0.0.1 at 2019-01-31 11:36:39 -0800
Processing by SessionsController#create as HTML
  Parameters: {"authenticity_token"=>"+a9+IoxJFvFHH5SQ8TqjWEPD6vZ3W8+SfG2EwH1iNwy/ijqCBV6L8OE/Nv9Uzugytpe17TyZtAHZ3/0Gqx3mog==", "user"=>{"email"=>"kchu@cal.com", "password"=>"[FILTERED]"}}
  [1m[36mUser Load (0.5ms)[0m  [1m[34mSELECT  "users".* FROM "users" WHERE "users"."email" = $1 LIMIT $2[0m  [["email", "kchu@cal.com"], ["LIMIT", 1]]
  ↳ app/models/user.rb:24
Redirected to http://localhost:3000/users/1
Completed 302 Found in 85ms (ActiveRecord: 8.6ms)


Started GET "/users/1" for 127.0.0.1 at 2019-01-31 11:36:39 -0800
Processing by UsersController#show as HTML
  Parameters: {"id"=>"1"}
Completed 500 Internal Server Error in 87532ms (ActiveRecord: 0.0ms)



NoMethodError - undefined method `[]' for nil:NilClass:
  app/controllers/users_controller.rb:21:in `show'

Started POST "/__better_errors/23ff575f1efdf265/variables" for 127.0.0.1 at 2019-01-31 11:38:07 -0800
Started GET "/session/new" for 127.0.0.1 at 2019-01-31 11:38:18 -0800
Processing by SessionsController#new as HTML
  Rendering sessions/new.html.erb within layouts/application
  Rendered sessions/new.html.erb within layouts/application (0.9ms)
Completed 200 OK in 41ms (Views: 40.9ms | ActiveRecord: 0.0ms)


Started POST "/session" for 127.0.0.1 at 2019-01-31 11:38:25 -0800
Processing by SessionsController#create as HTML
  Parameters: {"authenticity_token"=>"R7g1NSnn/d9gRXLjd2hCEemTSMjbNnnEQhHOCozOOiUBnXGVoPBg3sZl0IzSnAl7HMcX05D0Alfno7fMWrHriw==", "user"=>{"email"=>"kchu@cal.com", "password"=>"[FILTERED]"}}
  [1m[36mUser Load (0.3ms)[0m  [1m[34mSELECT  "users".* FROM "users" WHERE "users"."email" = $1 LIMIT $2[0m  [["email", "kchu@cal.com"], ["LIMIT", 1]]
  ↳ app/models/user.rb:24
Redirected to http://localhost:3000/users/1
Completed 302 Found in 84ms (ActiveRecord: 7.1ms)


Started GET "/users/1" for 127.0.0.1 at 2019-01-31 11:38:25 -0800
Processing by UsersController#show as HTML
  Parameters: {"id"=>"1"}
  [1m[36mUser Load (0.5ms)[0m  [1m[34mSELECT  "users".* FROM "users" WHERE "users"."id" IS NULL LIMIT $1[0m  [["LIMIT", 1]]
  ↳ app/controllers/users_controller.rb:20
Completed 404 Not Found in 3ms (ActiveRecord: 0.5ms)



ActiveRecord::RecordNotFound - Couldn't find User with 'id'={:id=>"1"}:
  app/controllers/users_controller.rb:20:in `show'

Started POST "/__better_errors/20ea0adfd08780b4/variables" for 127.0.0.1 at 2019-01-31 11:38:25 -0800
Started POST "/__better_errors/20ea0adfd08780b4/eval" for 127.0.0.1 at 2019-01-31 11:39:12 -0800
Started POST "/__better_errors/20ea0adfd08780b4/eval" for 127.0.0.1 at 2019-01-31 11:39:28 -0800
Started GET "/session/new" for 127.0.0.1 at 2019-01-31 11:39:45 -0800
Processing by SessionsController#new as HTML
  Rendering sessions/new.html.erb within layouts/application
  Rendered sessions/new.html.erb within layouts/application (0.7ms)
Completed 200 OK in 50ms (Views: 48.2ms | ActiveRecord: 0.0ms)


Started POST "/session" for 127.0.0.1 at 2019-01-31 11:39:50 -0800
Processing by SessionsController#create as HTML
  Parameters: {"authenticity_token"=>"KxqbvFyHDXApr9OAJ56csLRIsaSx47n+vc6YM0P+OEltP98c1ZCQcY+Pce+CatfaQRzuv/ohwm0YfOH1lYHp5w==", "user"=>{"email"=>"kchu@cal.com", "password"=>"[FILTERED]"}}
  [1m[36mUser Load (0.3ms)[0m  [1m[34mSELECT  "users".* FROM "users" WHERE "users"."email" = $1 LIMIT $2[0m  [["email", "kchu@cal.com"], ["LIMIT", 1]]
  ↳ app/models/user.rb:24
Redirected to http://localhost:3000/users/1
Completed 302 Found in 92ms (ActiveRecord: 7.4ms)


Started GET "/users/1" for 127.0.0.1 at 2019-01-31 11:39:50 -0800
Processing by UsersController#show as HTML
  Parameters: {"id"=>"1"}
  [1m[36mUser Load (0.4ms)[0m  [1m[34mSELECT  "users".* FROM "users" WHERE "users"."id" = $1 LIMIT $2[0m  [["id", 1], ["LIMIT", 1]]
  ↳ app/controllers/users_controller.rb:20
  Rendering users/show.html.erb within layouts/application
  Rendered users/show.html.erb within layouts/application (0.4ms)
Completed 200 OK in 33ms (Views: 29.9ms | ActiveRecord: 0.4ms)


  [1m[36mUser Load (4.3ms)[0m  [1m[34mSELECT "users".* FROM "users"[0m
  [1m[36mUser Load (0.8ms)[0m  [1m[34mSELECT  "users".* FROM "users" ORDER BY "users"."id" ASC LIMIT $1[0m  [["LIMIT", 1]]
Started GET "/session/new" for 127.0.0.1 at 2019-01-31 11:42:14 -0800
Processing by SessionsController#new as HTML
  Rendering sessions/new.html.erb within layouts/application
  Rendered sessions/new.html.erb within layouts/application (0.8ms)
Completed 200 OK in 38ms (Views: 37.0ms | ActiveRecord: 0.0ms)


Started POST "/session" for 127.0.0.1 at 2019-01-31 11:42:20 -0800
Processing by SessionsController#create as HTML
  Parameters: {"authenticity_token"=>"b9YRVyJRJ6oDsNSgKSS62Oz6KgL3qE26stHbwBeU+WUp81X3q0a6q6WQds+M0PGyGa51GbxqNikXY6IGwesoyw==", "user"=>{"email"=>"kchu@cal.com", "password"=>"[FILTERED]"}}
  [1m[36mUser Load (0.2ms)[0m  [1m[34mSELECT  "users".* FROM "users" WHERE "users"."email" = $1 LIMIT $2[0m  [["email", "kchu@cal.com"], ["LIMIT", 1]]
  ↳ app/models/user.rb:24
  [1m[35m (0.2ms)[0m  [1m[35mBEGIN[0m
  ↳ app/models/user.rb:44
  [1m[36mUser Exists (0.5ms)[0m  [1m[34mSELECT  1 AS one FROM "users" WHERE "users"."email" = $1 AND "users"."id" != $2 LIMIT $3[0m  [["email", "kchu@cal.com"], ["id", 1], ["LIMIT", 1]]
  ↳ app/models/user.rb:44
  [1m[36mUser Update (0.7ms)[0m  [1m[33mUPDATE "users" SET "session_token" = $1, "updated_at" = $2 WHERE "users"."id" = $3[0m  [["session_token", "NY6Sk-0HXTJ_zVEJzZscxA"], ["updated_at", "2019-01-31 19:42:21.017437"], ["id", 1]]
  ↳ app/models/user.rb:44
  [1m[35m (1.0ms)[0m  [1m[35mCOMMIT[0m
  ↳ app/models/user.rb:44
Redirected to http://localhost:3000/users/1
Completed 302 Found in 94ms (ActiveRecord: 11.1ms)


Started GET "/users/1" for 127.0.0.1 at 2019-01-31 11:42:21 -0800
Processing by UsersController#show as HTML
  Parameters: {"id"=>"1"}
  [1m[36mUser Load (0.4ms)[0m  [1m[34mSELECT  "users".* FROM "users" WHERE "users"."id" = $1 LIMIT $2[0m  [["id", 1], ["LIMIT", 1]]
  ↳ app/controllers/users_controller.rb:20
  Rendering users/show.html.erb within layouts/application
  Rendered users/show.html.erb within layouts/application (0.5ms)
Completed 200 OK in 33ms (Views: 30.4ms | ActiveRecord: 0.4ms)


  [1m[36mUser Load (0.8ms)[0m  [1m[34mSELECT  "users".* FROM "users" ORDER BY "users"."id" ASC LIMIT $1[0m  [["LIMIT", 1]]
Started GET "/session/new" for 127.0.0.1 at 2019-01-31 11:42:32 -0800
Processing by SessionsController#new as HTML
  Rendering sessions/new.html.erb within layouts/application
  Rendered sessions/new.html.erb within layouts/application (1.0ms)
Completed 200 OK in 43ms (Views: 41.5ms | ActiveRecord: 0.0ms)


Started GET "/session/new" for 127.0.0.1 at 2019-01-31 11:49:53 -0800

SyntaxError - syntax error, unexpected '(', expecting keyword_end
...d :current_user, :log_in_user!(user), :logged_in?
...                              ^:
  app/controllers/application_controller.rb:3:in `'
  app/controllers/sessions_controller.rb:1:in `<main>'

Started POST "/__better_errors/169238ba19e89ccb/variables" for 127.0.0.1 at 2019-01-31 11:49:53 -0800
Started POST "/__better_errors/169238ba19e89ccb/variables" for 127.0.0.1 at 2019-01-31 11:51:14 -0800
Started GET "/session/new" for 127.0.0.1 at 2019-01-31 11:53:43 -0800
Processing by SessionsController#new as HTML
  Rendering sessions/new.html.erb within layouts/application
  Rendered sessions/new.html.erb within layouts/application (0.7ms)
Completed 200 OK in 40ms (Views: 39.1ms | ActiveRecord: 0.0ms)


Started POST "/session" for 127.0.0.1 at 2019-01-31 11:53:53 -0800
Processing by SessionsController#create as HTML
  Parameters: {"authenticity_token"=>"e4LJihDml+X5vhs84tMHFh002XTs4PTzKodVVFYPrUE9p40qmfEK5F+euVNHJ0x86GCGb6cij2CPNSySgHB87w==", "user"=>{"email"=>"kchu@cal.com", "password"=>"[FILTERED]"}}
  [1m[36mUser Load (0.7ms)[0m  [1m[34mSELECT  "users".* FROM "users" WHERE "users"."email" = $1 LIMIT $2[0m  [["email", "kchu@cal.com"], ["LIMIT", 1]]
  ↳ app/models/user.rb:24
  [1m[35m (0.2ms)[0m  [1m[35mBEGIN[0m
  ↳ app/models/user.rb:44
  [1m[36mUser Exists (0.6ms)[0m  [1m[34mSELECT  1 AS one FROM "users" WHERE "users"."email" = $1 AND "users"."id" != $2 LIMIT $3[0m  [["email", "kchu@cal.com"], ["id", 1], ["LIMIT", 1]]
  ↳ app/models/user.rb:44
  [1m[36mUser Update (0.6ms)[0m  [1m[33mUPDATE "users" SET "session_token" = $1, "updated_at" = $2 WHERE "users"."id" = $3[0m  [["session_token", "gd_A5YNqPemvN17KNflmgA"], ["updated_at", "2019-01-31 19:53:53.978793"], ["id", 1]]
  ↳ app/models/user.rb:44
  [1m[35m (1.3ms)[0m  [1m[35mCOMMIT[0m
  ↳ app/models/user.rb:44
Redirected to http://localhost:3000/users/1
Completed 302 Found in 105ms (ActiveRecord: 18.8ms)


Started GET "/users/1" for 127.0.0.1 at 2019-01-31 11:53:53 -0800
Processing by UsersController#show as HTML
  Parameters: {"id"=>"1"}
  [1m[36mUser Load (0.5ms)[0m  [1m[34mSELECT  "users".* FROM "users" WHERE "users"."id" = $1 LIMIT $2[0m  [["id", 1], ["LIMIT", 1]]
  ↳ app/controllers/users_controller.rb:20
  Rendering users/show.html.erb within layouts/application
  Rendered users/show.html.erb within layouts/application (0.4ms)
Completed 200 OK in 25ms (Views: 21.6ms | ActiveRecord: 0.5ms)


Started POST "/session" for 127.0.0.1 at 2019-01-31 12:01:30 -0800
Processing by SessionsController#create as HTML
  Parameters: {"authenticity_token"=>"e4LJihDml+X5vhs84tMHFh002XTs4PTzKodVVFYPrUE9p40qmfEK5F+euVNHJ0x86GCGb6cij2CPNSySgHB87w==", "user"=>{"email"=>"kchu@cal.com", "password"=>"[FILTERED]"}}
  [1m[36mUser Load (0.7ms)[0m  [1m[34mSELECT  "users".* FROM "users" WHERE "users"."email" = $1 LIMIT $2[0m  [["email", "kchu@cal.com"], ["LIMIT", 1]]
  ↳ app/models/user.rb:24
  [1m[35m (0.2ms)[0m  [1m[35mBEGIN[0m
  ↳ app/models/user.rb:44
  [1m[36mUser Exists (0.7ms)[0m  [1m[34mSELECT  1 AS one FROM "users" WHERE "users"."email" = $1 AND "users"."id" != $2 LIMIT $3[0m  [["email", "kchu@cal.com"], ["id", 1], ["LIMIT", 1]]
  ↳ app/models/user.rb:44
  [1m[36mUser Update (2.0ms)[0m  [1m[33mUPDATE "users" SET "session_token" = $1, "updated_at" = $2 WHERE "users"."id" = $3[0m  [["session_token", "z81fadYjBwR2SOyjcq4ADw"], ["updated_at", "2019-01-31 20:01:30.228027"], ["id", 1]]
  ↳ app/models/user.rb:44
  [1m[35m (0.8ms)[0m  [1m[35mCOMMIT[0m
  ↳ app/models/user.rb:44
Redirected to http://localhost:3000/users/1
Completed 302 Found in 95ms (ActiveRecord: 16.5ms)


Started GET "/users/1" for 127.0.0.1 at 2019-01-31 12:01:30 -0800
Processing by UsersController#show as HTML
  Parameters: {"id"=>"1"}
  [1m[36mUser Load (0.3ms)[0m  [1m[34mSELECT  "users".* FROM "users" WHERE "users"."id" = $1 LIMIT $2[0m  [["id", 1], ["LIMIT", 1]]
  ↳ app/controllers/users_controller.rb:20
  Rendering users/show.html.erb within layouts/application
  Rendered users/show.html.erb within layouts/application (0.4ms)
Completed 200 OK in 37ms (Views: 35.2ms | ActiveRecord: 0.3ms)


Started GET "/users/new" for 127.0.0.1 at 2019-01-31 12:08:23 -0800
Processing by UsersController#new as HTML
  Rendering users/new.html.erb within layouts/application
  Rendered users/new.html.erb within layouts/application (1.0ms)
Completed 200 OK in 58ms (Views: 38.2ms | ActiveRecord: 9.9ms)


Started GET "/session/new" for 127.0.0.1 at 2019-01-31 12:08:38 -0800
Processing by SessionsController#new as HTML
  Rendering sessions/new.html.erb within layouts/application
  Rendered sessions/new.html.erb within layouts/application (1.2ms)
Completed 200 OK in 37ms (Views: 36.5ms | ActiveRecord: 0.0ms)


Started GET "/session/new" for 127.0.0.1 at 2019-01-31 12:08:40 -0800
Processing by SessionsController#new as HTML
  Rendering sessions/new.html.erb within layouts/application
  Rendered sessions/new.html.erb within layouts/application (0.7ms)
Completed 200 OK in 27ms (Views: 26.5ms | ActiveRecord: 0.0ms)


Started GET "/users/new" for 127.0.0.1 at 2019-01-31 12:08:41 -0800
Processing by UsersController#new as HTML
  Rendering users/new.html.erb within layouts/application
  Rendered users/new.html.erb within layouts/application (1.0ms)
Completed 200 OK in 29ms (Views: 28.7ms | ActiveRecord: 0.0ms)


Started GET "/session/new" for 127.0.0.1 at 2019-01-31 12:08:43 -0800
Processing by SessionsController#new as HTML
  Rendering sessions/new.html.erb within layouts/application
  Rendered sessions/new.html.erb within layouts/application (0.5ms)
Completed 200 OK in 30ms (Views: 29.7ms | ActiveRecord: 0.0ms)


Started POST "/session" for 127.0.0.1 at 2019-01-31 12:08:55 -0800
Processing by SessionsController#create as HTML
  Parameters: {"authenticity_token"=>"UpeyjpETUNSYqGFg7vej63oi0CfLfl2IHG4RXWtIytwUsvYuGATN1T6Iww9LA+iBj3aPPIC8Jhu53GibvTcbcg==", "user"=>{"email"=>"kchu@cal.com", "password"=>"[FILTERED]"}}
  [1m[36mUser Load (1.7ms)[0m  [1m[34mSELECT  "users".* FROM "users" WHERE "users"."email" = $1 LIMIT $2[0m  [["email", "kchu@cal.com"], ["LIMIT", 1]]
  ↳ app/models/user.rb:24
  [1m[35m (0.2ms)[0m  [1m[35mBEGIN[0m
  ↳ app/models/user.rb:44
  [1m[36mUser Exists (0.9ms)[0m  [1m[34mSELECT  1 AS one FROM "users" WHERE "users"."email" = $1 AND "users"."id" != $2 LIMIT $3[0m  [["email", "kchu@cal.com"], ["id", 1], ["LIMIT", 1]]
  ↳ app/models/user.rb:44
  [1m[36mUser Update (0.7ms)[0m  [1m[33mUPDATE "users" SET "session_token" = $1, "updated_at" = $2 WHERE "users"."id" = $3[0m  [["session_token", "gj1iCwNggauHHkvr4bw87Q"], ["updated_at", "2019-01-31 20:08:55.168834"], ["id", 1]]
  ↳ app/models/user.rb:44
  [1m[35m (0.5ms)[0m  [1m[35mCOMMIT[0m
  ↳ app/models/user.rb:44
Redirected to http://localhost:3000/users/1
Completed 302 Found in 80ms (ActiveRecord: 4.1ms)


Started GET "/users/1" for 127.0.0.1 at 2019-01-31 12:08:55 -0800
Processing by UsersController#show as HTML
  Parameters: {"id"=>"1"}
  [1m[36mUser Load (0.3ms)[0m  [1m[34mSELECT  "users".* FROM "users" WHERE "users"."id" = $1 LIMIT $2[0m  [["id", 1], ["LIMIT", 1]]
  ↳ app/controllers/users_controller.rb:20
  Rendering users/show.html.erb within layouts/application
  Rendered users/show.html.erb within layouts/application (0.6ms)
Completed 200 OK in 27ms (Views: 25.1ms | ActiveRecord: 0.3ms)


Started GET "/session/new" for 127.0.0.1 at 2019-01-31 12:10:11 -0800
Processing by SessionsController#new as HTML
  Rendering sessions/new.html.erb within layouts/application
  Rendered sessions/new.html.erb within layouts/application (0.7ms)
Completed 200 OK in 31ms (Views: 30.4ms | ActiveRecord: 0.0ms)


Started POST "/session" for 127.0.0.1 at 2019-01-31 12:10:19 -0800
Processing by SessionsController#create as HTML
  Parameters: {"authenticity_token"=>"0z2ITuarsBfRPn4mixqBjU4wI/GOS1nQVbRIPk/wyZWVGMzub7wtFnce3Eku7srnu2R86sWJIkPwBjH4mY8YOw==", "user"=>{"email"=>"kchu@cal.com", "password"=>"[FILTERED]"}}
  [1m[36mUser Load (0.6ms)[0m  [1m[34mSELECT  "users".* FROM "users" WHERE "users"."email" = $1 LIMIT $2[0m  [["email", "kchu@cal.com"], ["LIMIT", 1]]
  ↳ app/models/user.rb:24
  [1m[35m (0.2ms)[0m  [1m[35mBEGIN[0m
  ↳ app/models/user.rb:44
  [1m[36mUser Exists (0.4ms)[0m  [1m[34mSELECT  1 AS one FROM "users" WHERE "users"."email" = $1 AND "users"."id" != $2 LIMIT $3[0m  [["email", "kchu@cal.com"], ["id", 1], ["LIMIT", 1]]
  ↳ app/models/user.rb:44
  [1m[36mUser Update (0.4ms)[0m  [1m[33mUPDATE "users" SET "session_token" = $1, "updated_at" = $2 WHERE "users"."id" = $3[0m  [["session_token", "a8xvvQ0abwQ-YM5BM4c37w"], ["updated_at", "2019-01-31 20:10:19.701046"], ["id", 1]]
  ↳ app/models/user.rb:44
  [1m[35m (0.3ms)[0m  [1m[35mCOMMIT[0m
  ↳ app/models/user.rb:44
Redirected to http://localhost:3000/users/1
Completed 302 Found in 94ms (ActiveRecord: 9.1ms)


Started GET "/users/1" for 127.0.0.1 at 2019-01-31 12:10:19 -0800
Processing by UsersController#show as HTML
  Parameters: {"id"=>"1"}
  [1m[36mUser Load (0.4ms)[0m  [1m[34mSELECT  "users".* FROM "users" WHERE "users"."id" = $1 LIMIT $2[0m  [["id", 1], ["LIMIT", 1]]
  ↳ app/controllers/users_controller.rb:20
  Rendering users/show.html.erb within layouts/application
  Rendered users/show.html.erb within layouts/application (0.4ms)
Completed 200 OK in 30ms (Views: 27.7ms | ActiveRecord: 0.4ms)


Started GET "/session/new" for 127.0.0.1 at 2019-01-31 12:11:53 -0800
Processing by SessionsController#new as HTML
  Rendering sessions/new.html.erb within layouts/application
  Rendered sessions/new.html.erb within layouts/application (1.3ms)
Completed 200 OK in 41ms (Views: 40.1ms | ActiveRecord: 0.0ms)


Started POST "/session" for 127.0.0.1 at 2019-01-31 12:12:04 -0800
Processing by SessionsController#create as HTML
  Parameters: {"authenticity_token"=>"sU2/Dj+NZl3rd+qIhisMPuyJj4eN0MOaWItcF2awejz3aPuutpr7XE1XSOcj30dUGd3QnMYSuAn9OSXRsM+rkg==", "user"=>{"email"=>"kchu@cal.com", "password"=>"[FILTERED]"}}
  [1m[36mUser Load (0.9ms)[0m  [1m[34mSELECT  "users".* FROM "users" WHERE "users"."email" = $1 LIMIT $2[0m  [["email", "kchu@cal.com"], ["LIMIT", 1]]
  ↳ app/models/user.rb:24
  [1m[35m (0.3ms)[0m  [1m[35mBEGIN[0m
  ↳ app/models/user.rb:44
  [1m[36mUser Exists (0.4ms)[0m  [1m[34mSELECT  1 AS one FROM "users" WHERE "users"."email" = $1 AND "users"."id" != $2 LIMIT $3[0m  [["email", "kchu@cal.com"], ["id", 1], ["LIMIT", 1]]
  ↳ app/models/user.rb:44
  [1m[36mUser Update (0.5ms)[0m  [1m[33mUPDATE "users" SET "session_token" = $1, "updated_at" = $2 WHERE "users"."id" = $3[0m  [["session_token", "TUNLcqLjxFQUPNzEi5drjA"], ["updated_at", "2019-01-31 20:12:04.837970"], ["id", 1]]
  ↳ app/models/user.rb:44
  [1m[35m (0.6ms)[0m  [1m[35mCOMMIT[0m
  ↳ app/models/user.rb:44
Redirected to http://localhost:3000/users/1
Completed 302 Found in 77ms (ActiveRecord: 2.7ms)


Started GET "/users/1" for 127.0.0.1 at 2019-01-31 12:12:04 -0800
Processing by UsersController#show as HTML
  Parameters: {"id"=>"1"}
  [1m[36mUser Load (0.3ms)[0m  [1m[34mSELECT  "users".* FROM "users" WHERE "users"."id" = $1 LIMIT $2[0m  [["id", 1], ["LIMIT", 1]]
  ↳ app/controllers/users_controller.rb:20
  Rendering users/show.html.erb within layouts/application
  Rendered users/show.html.erb within layouts/application (0.6ms)
Completed 200 OK in 25ms (Views: 23.8ms | ActiveRecord: 0.3ms)


Started GET "/session/new" for 127.0.0.1 at 2019-01-31 12:13:23 -0800
Processing by SessionsController#new as HTML
  Rendering sessions/new.html.erb within layouts/application
  Rendered sessions/new.html.erb within layouts/application (0.8ms)
Completed 200 OK in 50ms (Views: 49.3ms | ActiveRecord: 0.0ms)


Started GET "/session/new" for 127.0.0.1 at 2019-01-31 12:14:52 -0800
Processing by SessionsController#new as HTML
  Rendering sessions/new.html.erb within layouts/application
  Rendered sessions/new.html.erb within layouts/application (0.7ms)
Completed 200 OK in 43ms (Views: 42.1ms | ActiveRecord: 0.0ms)


Started POST "/session" for 127.0.0.1 at 2019-01-31 12:15:03 -0800
Processing by SessionsController#create as HTML
  Parameters: {"authenticity_token"=>"JsuCTg7ZlOVWSGSnJNLtnsH9RkxVgekVfgWrB9Q+7r5g7sbuh84J5PBoxsiBJqb0NKkZVx5Dkobbt9LBAkE/EA==", "user"=>{"email"=>"kchu@cal.com", "password"=>"[FILTERED]"}}
  [1m[36mUser Load (0.5ms)[0m  [1m[34mSELECT  "users".* FROM "users" WHERE "users"."email" = $1 LIMIT $2[0m  [["email", "kchu@cal.com"], ["LIMIT", 1]]
  ↳ app/models/user.rb:24
  [1m[35m (0.2ms)[0m  [1m[35mBEGIN[0m
  ↳ app/models/user.rb:44
  [1m[36mUser Exists (0.4ms)[0m  [1m[34mSELECT  1 AS one FROM "users" WHERE "users"."email" = $1 AND "users"."id" != $2 LIMIT $3[0m  [["email", "kchu@cal.com"], ["id", 1], ["LIMIT", 1]]
  ↳ app/models/user.rb:44
  [1m[36mUser Update (0.8ms)[0m  [1m[33mUPDATE "users" SET "session_token" = $1, "updated_at" = $2 WHERE "users"."id" = $3[0m  [["session_token", "BtdAtksJJ0ojHCRs_vp--A"], ["updated_at", "2019-01-31 20:15:03.233026"], ["id", 1]]
  ↳ app/models/user.rb:44
  [1m[35m (1.7ms)[0m  [1m[35mCOMMIT[0m
  ↳ app/models/user.rb:44
Redirected to http://localhost:3000/users/1
Completed 302 Found in 76ms (ActiveRecord: 3.5ms)


Started GET "/users/1" for 127.0.0.1 at 2019-01-31 12:15:03 -0800
Processing by UsersController#show as HTML
  Parameters: {"id"=>"1"}
  [1m[36mUser Load (0.5ms)[0m  [1m[34mSELECT  "users".* FROM "users" WHERE "users"."id" = $1 LIMIT $2[0m  [["id", 1], ["LIMIT", 1]]
  ↳ app/controllers/users_controller.rb:20
  Rendering users/show.html.erb within layouts/application
  Rendered users/show.html.erb within layouts/application (0.4ms)
Completed 200 OK in 38ms (Views: 35.8ms | ActiveRecord: 0.5ms)


Started GET "/session/new" for 127.0.0.1 at 2019-01-31 12:18:25 -0800
Processing by SessionsController#new as HTML
  Rendering sessions/new.html.erb within layouts/application
  Rendered sessions/new.html.erb within layouts/application (0.7ms)
  [1m[36mUser Load (0.3ms)[0m  [1m[34mSELECT  "users".* FROM "users" WHERE "users"."session_token" = $1 LIMIT $2[0m  [["session_token", "BtdAtksJJ0ojHCRs_vp--A"], ["LIMIT", 1]]
  ↳ app/controllers/application_controller.rb:10
Completed 500 Internal Server Error in 57ms (ActiveRecord: 6.4ms)



NoMethodError - undefined method `email' for nil:NilClass:
  app/views/layouts/application.html.erb:17:in `_app_views_layouts_application_html_erb___174402762100090974_70202899504260'
  app/controllers/sessions_controller.rb:4:in `new'

Started POST "/__better_errors/d9e0c4734968095e/variables" for 127.0.0.1 at 2019-01-31 12:18:29 -0800
Started GET "/session/new" for 127.0.0.1 at 2019-01-31 12:18:47 -0800
Processing by SessionsController#new as HTML
  Rendering sessions/new.html.erb within layouts/application
  Rendered sessions/new.html.erb within layouts/application (0.7ms)
  [1m[36mUser Load (0.6ms)[0m  [1m[34mSELECT  "users".* FROM "users" WHERE "users"."session_token" = $1 LIMIT $2[0m  [["session_token", "BtdAtksJJ0ojHCRs_vp--A"], ["LIMIT", 1]]
  ↳ app/controllers/application_controller.rb:10
Completed 200 OK in 42ms (Views: 40.0ms | ActiveRecord: 0.6ms)


Started GET "/session/new" for 127.0.0.1 at 2019-01-31 12:18:55 -0800
Processing by SessionsController#new as HTML
  Rendering sessions/new.html.erb within layouts/application
  Rendered sessions/new.html.erb within layouts/application (1.1ms)
  [1m[36mUser Load (1.0ms)[0m  [1m[34mSELECT  "users".* FROM "users" WHERE "users"."session_token" = $1 LIMIT $2[0m  [["session_token", "BtdAtksJJ0ojHCRs_vp--A"], ["LIMIT", 1]]
  ↳ app/controllers/application_controller.rb:10
Completed 200 OK in 34ms (Views: 32.2ms | ActiveRecord: 1.0ms)


Started GET "/session/new" for 127.0.0.1 at 2019-01-31 12:19:06 -0800
Processing by SessionsController#new as HTML
  Rendering sessions/new.html.erb within layouts/application
  Rendered sessions/new.html.erb within layouts/application (0.9ms)
  [1m[36mUser Load (0.4ms)[0m  [1m[34mSELECT  "users".* FROM "users" WHERE "users"."session_token" = $1 LIMIT $2[0m  [["session_token", "BtdAtksJJ0ojHCRs_vp--A"], ["LIMIT", 1]]
  ↳ app/controllers/application_controller.rb:10
Completed 200 OK in 28ms (Views: 27.1ms | ActiveRecord: 0.4ms)


Started GET "/session/new" for 127.0.0.1 at 2019-01-31 12:19:19 -0800
  [1m[35m (1.1ms)[0m  [1m[34mSELECT "schema_migrations"."version" FROM "schema_migrations" ORDER BY "schema_migrations"."version" ASC[0m
  ↳ /Users/kathrynchu/.rvm/gems/ruby-2.5.1/gems/activerecord-5.2.2/lib/active_record/log_subscriber.rb:98
Processing by SessionsController#new as HTML
  Rendering sessions/new.html.erb within layouts/application
  Rendered sessions/new.html.erb within layouts/application (3.1ms)
  [1m[36mUser Load (1.3ms)[0m  [1m[34mSELECT  "users".* FROM "users" WHERE "users"."session_token" = $1 LIMIT $2[0m  [["session_token", "BtdAtksJJ0ojHCRs_vp--A"], ["LIMIT", 1]]
  ↳ app/controllers/application_controller.rb:10
Completed 200 OK in 344ms (Views: 327.7ms | ActiveRecord: 11.8ms)


Started GET "/session/new" for 127.0.0.1 at 2019-01-31 12:19:21 -0800
Processing by SessionsController#new as HTML
  Rendering sessions/new.html.erb within layouts/application
  Rendered sessions/new.html.erb within layouts/application (0.6ms)
  [1m[36mUser Load (1.0ms)[0m  [1m[34mSELECT  "users".* FROM "users" WHERE "users"."session_token" = $1 LIMIT $2[0m  [["session_token", "BtdAtksJJ0ojHCRs_vp--A"], ["LIMIT", 1]]
  ↳ app/controllers/application_controller.rb:10
Completed 200 OK in 36ms (Views: 34.9ms | ActiveRecord: 1.0ms)


Started GET "/session/new" for 127.0.0.1 at 2019-01-31 12:19:23 -0800
Processing by SessionsController#new as HTML
  Rendering sessions/new.html.erb within layouts/application
  Rendered sessions/new.html.erb within layouts/application (0.7ms)
  [1m[36mUser Load (0.4ms)[0m  [1m[34mSELECT  "users".* FROM "users" WHERE "users"."session_token" = $1 LIMIT $2[0m  [["session_token", "BtdAtksJJ0ojHCRs_vp--A"], ["LIMIT", 1]]
  ↳ app/controllers/application_controller.rb:10
Completed 200 OK in 28ms (Views: 27.5ms | ActiveRecord: 0.4ms)


Started GET "/session/new" for 127.0.0.1 at 2019-01-31 12:20:02 -0800
Processing by SessionsController#new as HTML
  Rendering sessions/new.html.erb within layouts/application
  Rendered sessions/new.html.erb within layouts/application (0.9ms)
  [1m[36mUser Load (0.3ms)[0m  [1m[34mSELECT  "users".* FROM "users" WHERE "users"."session_token" = $1 LIMIT $2[0m  [["session_token", "BtdAtksJJ0ojHCRs_vp--A"], ["LIMIT", 1]]
  ↳ app/controllers/application_controller.rb:10
Completed 200 OK in 49ms (Views: 41.2ms | ActiveRecord: 7.7ms)


Started GET "/session/new" for 127.0.0.1 at 2019-01-31 12:20:04 -0800
Processing by SessionsController#new as HTML
  Rendering sessions/new.html.erb within layouts/application
  Rendered sessions/new.html.erb within layouts/application (0.6ms)
  [1m[36mUser Load (0.4ms)[0m  [1m[34mSELECT  "users".* FROM "users" WHERE "users"."session_token" = $1 LIMIT $2[0m  [["session_token", "BtdAtksJJ0ojHCRs_vp--A"], ["LIMIT", 1]]
  ↳ app/controllers/application_controller.rb:10
Completed 200 OK in 26ms (Views: 25.2ms | ActiveRecord: 0.4ms)


Started GET "/session/new" for 127.0.0.1 at 2019-01-31 12:21:00 -0800
Processing by SessionsController#new as HTML
  Rendering sessions/new.html.erb within layouts/application
  Rendered sessions/new.html.erb within layouts/application (3.9ms)
  [1m[36mUser Load (1.2ms)[0m  [1m[34mSELECT  "users".* FROM "users" WHERE "users"."session_token" = $1 LIMIT $2[0m  [["session_token", "BtdAtksJJ0ojHCRs_vp--A"], ["LIMIT", 1]]
  ↳ app/controllers/application_controller.rb:10
Completed 200 OK in 68ms (Views: 62.4ms | ActiveRecord: 1.2ms)


Started GET "/users/new" for 127.0.0.1 at 2019-01-31 12:21:08 -0800
Processing by UsersController#new as HTML
  Rendering users/new.html.erb within layouts/application
  Rendered users/new.html.erb within layouts/application (1.0ms)
  [1m[36mUser Load (0.4ms)[0m  [1m[34mSELECT  "users".* FROM "users" WHERE "users"."session_token" = $1 LIMIT $2[0m  [["session_token", "BtdAtksJJ0ojHCRs_vp--A"], ["LIMIT", 1]]
  ↳ app/controllers/application_controller.rb:10
Completed 200 OK in 40ms (Views: 35.6ms | ActiveRecord: 0.4ms)


Started DELETE "/session" for 127.0.0.1 at 2019-01-31 12:21:11 -0800
Processing by SessionsController#destroy as HTML
Can't verify CSRF token authenticity.
Completed 422 Unprocessable Entity in 3ms (ActiveRecord: 0.0ms)



ActionController::InvalidAuthenticityToken - ActionController::InvalidAuthenticityToken:

Started POST "/__better_errors/1d1d37675e8e4df1/variables" for 127.0.0.1 at 2019-01-31 12:21:12 -0800
Started GET "/users/new" for 127.0.0.1 at 2019-01-31 12:21:36 -0800
Processing by UsersController#new as HTML
  Rendering users/new.html.erb within layouts/application
  Rendered users/new.html.erb within layouts/application (1.0ms)
  [1m[36mUser Load (0.3ms)[0m  [1m[34mSELECT  "users".* FROM "users" WHERE "users"."session_token" = $1 LIMIT $2[0m  [["session_token", "BtdAtksJJ0ojHCRs_vp--A"], ["LIMIT", 1]]
  ↳ app/controllers/application_controller.rb:10
Completed 200 OK in 51ms (Views: 48.7ms | ActiveRecord: 0.3ms)


Started GET "/users/new" for 127.0.0.1 at 2019-01-31 12:21:39 -0800
Processing by UsersController#new as HTML
  Rendering users/new.html.erb within layouts/application
  Rendered users/new.html.erb within layouts/application (0.5ms)
  [1m[36mUser Load (0.3ms)[0m  [1m[34mSELECT  "users".* FROM "users" WHERE "users"."session_token" = $1 LIMIT $2[0m  [["session_token", "BtdAtksJJ0ojHCRs_vp--A"], ["LIMIT", 1]]
  ↳ app/controllers/application_controller.rb:10
Completed 200 OK in 26ms (Views: 24.6ms | ActiveRecord: 0.3ms)


